Determining if the pthread_create exist failed with the following output:
Change Dir: /home/acewzj/Linux_Net_Prog/build/release-cpp11/CMakeFiles/CMakeTmp

Run Build Command:/bin/gmake "cmTryCompileExec4185286466/fast"
/bin/gmake -f CMakeFiles/cmTryCompileExec4185286466.dir/build.make CMakeFiles/cmTryCompileExec4185286466.dir/build
gmake[1]: Entering directory `/home/acewzj/Linux_Net_Prog/build/release-cpp11/CMakeFiles/CMakeTmp'
/usr/bin/cmake -E cmake_progress_report /home/acewzj/Linux_Net_Prog/build/release-cpp11/CMakeFiles/CMakeTmp/CMakeFiles 1
Building C object CMakeFiles/cmTryCompileExec4185286466.dir/CheckSymbolExists.c.o
/bin/cc    -o CMakeFiles/cmTryCompileExec4185286466.dir/CheckSymbolExists.c.o   -c /home/acewzj/Linux_Net_Prog/build/release-cpp11/CMakeFiles/CMakeTmp/CheckSymbolExists.c
Linking C executable cmTryCompileExec4185286466
/usr/bin/cmake -E cmake_link_script CMakeFiles/cmTryCompileExec4185286466.dir/link.txt --verbose=1
/bin/cc       CMakeFiles/cmTryCompileExec4185286466.dir/CheckSymbolExists.c.o  -o cmTryCompileExec4185286466 -rdynamic 
CMakeFiles/cmTryCompileExec4185286466.dir/CheckSymbolExists.c.o: In function `main':
CheckSymbolExists.c:(.text+0x16): undefined reference to `pthread_create'
collect2: error: ld returned 1 exit status
gmake[1]: Leaving directory `/home/acewzj/Linux_Net_Prog/build/release-cpp11/CMakeFiles/CMakeTmp'
gmake[1]: *** [cmTryCompileExec4185286466] Error 1
gmake: *** [cmTryCompileExec4185286466/fast] Error 2

File /home/acewzj/Linux_Net_Prog/build/release-cpp11/CMakeFiles/CMakeTmp/CheckSymbolExists.c:
/* */
#include <pthread.h>

int main(int argc, char** argv)
{
  (void)argv;
#ifndef pthread_create
  return ((int*)(&pthread_create))[argc];
#else
  (void)argc;
  return 0;
#endif
}

Determining if the function pthread_create exists in the pthreads failed with the following output:
Change Dir: /home/acewzj/Linux_Net_Prog/build/release-cpp11/CMakeFiles/CMakeTmp

Run Build Command:/bin/gmake "cmTryCompileExec5135739/fast"
/bin/gmake -f CMakeFiles/cmTryCompileExec5135739.dir/build.make CMakeFiles/cmTryCompileExec5135739.dir/build
gmake[1]: Entering directory `/home/acewzj/Linux_Net_Prog/build/release-cpp11/CMakeFiles/CMakeTmp'
/usr/bin/cmake -E cmake_progress_report /home/acewzj/Linux_Net_Prog/build/release-cpp11/CMakeFiles/CMakeTmp/CMakeFiles 1
Building C object CMakeFiles/cmTryCompileExec5135739.dir/CheckFunctionExists.c.o
/bin/cc   -DCHECK_FUNCTION_EXISTS=pthread_create   -o CMakeFiles/cmTryCompileExec5135739.dir/CheckFunctionExists.c.o   -c /usr/share/cmake/Modules/CheckFunctionExists.c
Linking C executable cmTryCompileExec5135739
/usr/bin/cmake -E cmake_link_script CMakeFiles/cmTryCompileExec5135739.dir/link.txt --verbose=1
/bin/cc   -DCHECK_FUNCTION_EXISTS=pthread_create    CMakeFiles/cmTryCompileExec5135739.dir/CheckFunctionExists.c.o  -o cmTryCompileExec5135739 -rdynamic -lpthreads 
/bin/ld: cannot find -lpthreads
collect2: error: ld returned 1 exit status
gmake[1]: Leaving directory `/home/acewzj/Linux_Net_Prog/build/release-cpp11/CMakeFiles/CMakeTmp'
gmake[1]: *** [cmTryCompileExec5135739] Error 1
gmake: *** [cmTryCompileExec5135739/fast] Error 2


